Checking whether the ASM compiler is GNU using "--version" did not match "(GNU assembler)|(GCC)|(Free Software Foundation)":
Android (11349228, based on r487747e) clang version 17.0.2 (https://android.googlesource.com/toolchain/llvm-project d9f89f4d16663d5012e5c09495f3b30ece3d2362)
Target: x86_64-w64-windows-gnu
Thread model: posix
InstalledDir: C:/Users/NIHARIKA KUJUR/AppData/Local/Android/Sdk/ndk/26.3.11579264/toolchains/llvm/prebuilt/windows-x86_64/bin
Performing C SOURCE FILE Test CMAKE_HAVE_LIBC_PTHREAD failed with the following output:
Change Dir: C:/Users/NIHARIKA KUJUR/AndroidStudioProjects/Invisibleinsight/app/.cxx/Debug/52463c3g/arm64-v8a/CMakeFiles/CMakeTmp

Run Build Command(s):C:/Users/NIHARIKA KUJUR/AppData/Local/Android/Sdk/cmake/3.22.1/bin/ninja.exe cmTC_00db9 && [1/2] Building C object CMakeFiles/cmTC_00db9.dir/src.c.o
FAILED: CMakeFiles/cmTC_00db9.dir/src.c.o 
C:\Users\NIHARI~1\AppData\Local\Android\Sdk\ndk\263~1.115\TOOLCH~1\llvm\prebuilt\WINDOW~1\bin\clang.exe --target=aarch64-none-linux-android26 --sysroot="C:/Users/NIHARIKA KUJUR/AppData/Local/Android/Sdk/ndk/26.3.11579264/toolchains/llvm/prebuilt/windows-x86_64/sysroot" -DCMAKE_HAVE_LIBC_PTHREAD  -g -DANDROID -fdata-sections -ffunction-sections -funwind-tables -fstack-protector-strong -no-canonical-prefixes -D_FORTIFY_SOURCE=2 -Wformat -Werror=format-security   -fPIE -std=gnu11 -MD -MT CMakeFiles/cmTC_00db9.dir/src.c.o -MF CMakeFiles\cmTC_00db9.dir\src.c.o.d -o CMakeFiles/cmTC_00db9.dir/src.c.o -c "C:/Users/NIHARIKA KUJUR/AndroidStudioProjects/Invisibleinsight/app/.cxx/Debug/52463c3g/arm64-v8a/CMakeFiles/CMakeTmp/src.c"
C:/Users/NIHARIKA KUJUR/AndroidStudioProjects/Invisibleinsight/app/.cxx/Debug/52463c3g/arm64-v8a/CMakeFiles/CMakeTmp/src.c:13:3: error: call to undeclared function 'pthread_cancel'; ISO C99 and later do not support implicit function declarations [-Wimplicit-function-declaration]
  pthread_cancel(thread);
  ^
C:/Users/NIHARIKA KUJUR/AndroidStudioProjects/Invisibleinsight/app/.cxx/Debug/52463c3g/arm64-v8a/CMakeFiles/CMakeTmp/src.c:13:3: note: did you mean 'pthread_once'?
C:/Users/NIHARIKA KUJUR/AppData/Local/Android/Sdk/ndk/26.3.11579264/toolchains/llvm/prebuilt/windows-x86_64/sysroot/usr/include/pthread.h:258:5: note: 'pthread_once' declared here
int pthread_once(pthread_once_t* _Nonnull __once, void (* _Nonnull __init_routine)(void));
    ^
1 error generated.
ninja: build stopped: subcommand failed.


Source file was:
#include <pthread.h>

static void* test_func(void* data)
{
  return data;
}

int main(void)
{
  pthread_t thread;
  pthread_create(&thread, NULL, test_func, NULL);
  pthread_detach(thread);
  pthread_cancel(thread);
  pthread_join(thread, NULL);
  pthread_atfork(NULL, NULL, NULL);
  pthread_exit(NULL);

  return 0;
}

Performing C++ SOURCE FILE Test GGML_COMPILER_SUPPORTS_FP16_FORMAT_I3E failed with the following output:
Change Dir: C:/Users/NIHARIKA KUJUR/AndroidStudioProjects/Invisibleinsight/app/.cxx/Debug/52463c3g/arm64-v8a/CMakeFiles/CMakeTmp

Run Build Command(s):C:/Users/NIHARIKA KUJUR/AppData/Local/Android/Sdk/cmake/3.22.1/bin/ninja.exe cmTC_e82ca && [1/2] Building CXX object CMakeFiles/cmTC_e82ca.dir/src.cxx.o
FAILED: CMakeFiles/cmTC_e82ca.dir/src.cxx.o 
C:\Users\NIHARI~1\AppData\Local\Android\Sdk\ndk\263~1.115\TOOLCH~1\llvm\prebuilt\WINDOW~1\bin\CLANG_~1.EXE --target=aarch64-none-linux-android26 --sysroot="C:/Users/NIHARIKA KUJUR/AppData/Local/Android/Sdk/ndk/26.3.11579264/toolchains/llvm/prebuilt/windows-x86_64/sysroot" -DGGML_COMPILER_SUPPORTS_FP16_FORMAT_I3E  -g -DANDROID -fdata-sections -ffunction-sections -funwind-tables -fstack-protector-strong -no-canonical-prefixes -D_FORTIFY_SOURCE=2 -Wformat -Werror=format-security  -std=c++17  -fPIE   -mfp16-format=ieee -std=c++17 -MD -MT CMakeFiles/cmTC_e82ca.dir/src.cxx.o -MF CMakeFiles\cmTC_e82ca.dir\src.cxx.o.d -o CMakeFiles/cmTC_e82ca.dir/src.cxx.o -c "C:/Users/NIHARIKA KUJUR/AndroidStudioProjects/Invisibleinsight/app/.cxx/Debug/52463c3g/arm64-v8a/CMakeFiles/CMakeTmp/src.cxx"
clang++: error: unknown argument: '-mfp16-format=ieee'
ninja: build stopped: subcommand failed.


Source file was:
int main() { return 0; }
Performing C++ SOURCE FILE Test HAVE_DOTPROD failed with the following output:
Change Dir: C:/Users/NIHARIKA KUJUR/AndroidStudioProjects/Invisibleinsight/app/.cxx/Debug/52463c3g/arm64-v8a/CMakeFiles/CMakeTmp

Run Build Command(s):C:/Users/NIHARIKA KUJUR/AppData/Local/Android/Sdk/cmake/3.22.1/bin/ninja.exe cmTC_6f3c5 && [1/2] Building CXX object CMakeFiles/cmTC_6f3c5.dir/src.cxx.o
FAILED: CMakeFiles/cmTC_6f3c5.dir/src.cxx.o 
C:\Users\NIHARI~1\AppData\Local\Android\Sdk\ndk\263~1.115\TOOLCH~1\llvm\prebuilt\WINDOW~1\bin\CLANG_~1.EXE --target=aarch64-none-linux-android26 --sysroot="C:/Users/NIHARIKA KUJUR/AppData/Local/Android/Sdk/ndk/26.3.11579264/toolchains/llvm/prebuilt/windows-x86_64/sysroot" -DHAVE_DOTPROD  -g -DANDROID -fdata-sections -ffunction-sections -funwind-tables -fstack-protector-strong -no-canonical-prefixes -D_FORTIFY_SOURCE=2 -Wformat -Werror=format-security  -std=c++17  -fPIE -std=c++17 -MD -MT CMakeFiles/cmTC_6f3c5.dir/src.cxx.o -MF CMakeFiles\cmTC_6f3c5.dir\src.cxx.o.d -o CMakeFiles/cmTC_6f3c5.dir/src.cxx.o -c "C:/Users/NIHARIKA KUJUR/AndroidStudioProjects/Invisibleinsight/app/.cxx/Debug/52463c3g/arm64-v8a/CMakeFiles/CMakeTmp/src.cxx"
C:/Users/NIHARIKA KUJUR/AndroidStudioProjects/Invisibleinsight/app/.cxx/Debug/52463c3g/arm64-v8a/CMakeFiles/CMakeTmp/src.cxx:3:24: error: "Feature DOTPROD is not defined"
                    #  error "Feature DOTPROD is not defined"
                       ^
1 error generated.
ninja: build stopped: subcommand failed.


Source file was:

                    #if !defined(__ARM_FEATURE_DOTPROD)
                    #  error "Feature DOTPROD is not defined"
                    #endif
                    int main() { return 0; }
                    
Performing C++ SOURCE FILE Test HAVE_SVE failed with the following output:
Change Dir: C:/Users/NIHARIKA KUJUR/AndroidStudioProjects/Invisibleinsight/app/.cxx/Debug/52463c3g/arm64-v8a/CMakeFiles/CMakeTmp

Run Build Command(s):C:/Users/NIHARIKA KUJUR/AppData/Local/Android/Sdk/cmake/3.22.1/bin/ninja.exe cmTC_a30d2 && [1/2] Building CXX object CMakeFiles/cmTC_a30d2.dir/src.cxx.o
FAILED: CMakeFiles/cmTC_a30d2.dir/src.cxx.o 
C:\Users\NIHARI~1\AppData\Local\Android\Sdk\ndk\263~1.115\TOOLCH~1\llvm\prebuilt\WINDOW~1\bin\CLANG_~1.EXE --target=aarch64-none-linux-android26 --sysroot="C:/Users/NIHARIKA KUJUR/AppData/Local/Android/Sdk/ndk/26.3.11579264/toolchains/llvm/prebuilt/windows-x86_64/sysroot" -DHAVE_SVE  -g -DANDROID -fdata-sections -ffunction-sections -funwind-tables -fstack-protector-strong -no-canonical-prefixes -D_FORTIFY_SOURCE=2 -Wformat -Werror=format-security  -std=c++17  -fPIE -std=c++17 -MD -MT CMakeFiles/cmTC_a30d2.dir/src.cxx.o -MF CMakeFiles\cmTC_a30d2.dir\src.cxx.o.d -o CMakeFiles/cmTC_a30d2.dir/src.cxx.o -c "C:/Users/NIHARIKA KUJUR/AndroidStudioProjects/Invisibleinsight/app/.cxx/Debug/52463c3g/arm64-v8a/CMakeFiles/CMakeTmp/src.cxx"
C:/Users/NIHARIKA KUJUR/AndroidStudioProjects/Invisibleinsight/app/.cxx/Debug/52463c3g/arm64-v8a/CMakeFiles/CMakeTmp/src.cxx:3:24: error: "Feature SVE is not defined"
                    #  error "Feature SVE is not defined"
                       ^
1 error generated.
ninja: build stopped: subcommand failed.


Source file was:

                    #if !defined(__ARM_FEATURE_SVE)
                    #  error "Feature SVE is not defined"
                    #endif
                    int main() { return 0; }
                    
Performing C++ SOURCE FILE Test HAVE_MATMUL_INT8 failed with the following output:
Change Dir: C:/Users/NIHARIKA KUJUR/AndroidStudioProjects/Invisibleinsight/app/.cxx/Debug/52463c3g/arm64-v8a/CMakeFiles/CMakeTmp

Run Build Command(s):C:/Users/NIHARIKA KUJUR/AppData/Local/Android/Sdk/cmake/3.22.1/bin/ninja.exe cmTC_64fd7 && [1/2] Building CXX object CMakeFiles/cmTC_64fd7.dir/src.cxx.o
FAILED: CMakeFiles/cmTC_64fd7.dir/src.cxx.o 
C:\Users\NIHARI~1\AppData\Local\Android\Sdk\ndk\263~1.115\TOOLCH~1\llvm\prebuilt\WINDOW~1\bin\CLANG_~1.EXE --target=aarch64-none-linux-android26 --sysroot="C:/Users/NIHARIKA KUJUR/AppData/Local/Android/Sdk/ndk/26.3.11579264/toolchains/llvm/prebuilt/windows-x86_64/sysroot" -DHAVE_MATMUL_INT8  -g -DANDROID -fdata-sections -ffunction-sections -funwind-tables -fstack-protector-strong -no-canonical-prefixes -D_FORTIFY_SOURCE=2 -Wformat -Werror=format-security  -std=c++17  -fPIE -std=c++17 -MD -MT CMakeFiles/cmTC_64fd7.dir/src.cxx.o -MF CMakeFiles\cmTC_64fd7.dir\src.cxx.o.d -o CMakeFiles/cmTC_64fd7.dir/src.cxx.o -c "C:/Users/NIHARIKA KUJUR/AndroidStudioProjects/Invisibleinsight/app/.cxx/Debug/52463c3g/arm64-v8a/CMakeFiles/CMakeTmp/src.cxx"
C:/Users/NIHARIKA KUJUR/AndroidStudioProjects/Invisibleinsight/app/.cxx/Debug/52463c3g/arm64-v8a/CMakeFiles/CMakeTmp/src.cxx:3:24: error: "Feature MATMUL_INT8 is not defined"
                    #  error "Feature MATMUL_INT8 is not defined"
                       ^
1 error generated.
ninja: build stopped: subcommand failed.


Source file was:

                    #if !defined(__ARM_FEATURE_MATMUL_INT8)
                    #  error "Feature MATMUL_INT8 is not defined"
                    #endif
                    int main() { return 0; }
                    
Performing C++ SOURCE FILE Test HAVE_FP16_VECTOR_ARITHMETIC failed with the following output:
Change Dir: C:/Users/NIHARIKA KUJUR/AndroidStudioProjects/Invisibleinsight/app/.cxx/Debug/52463c3g/arm64-v8a/CMakeFiles/CMakeTmp

Run Build Command(s):C:/Users/NIHARIKA KUJUR/AppData/Local/Android/Sdk/cmake/3.22.1/bin/ninja.exe cmTC_0b9f9 && [1/2] Building CXX object CMakeFiles/cmTC_0b9f9.dir/src.cxx.o
FAILED: CMakeFiles/cmTC_0b9f9.dir/src.cxx.o 
C:\Users\NIHARI~1\AppData\Local\Android\Sdk\ndk\263~1.115\TOOLCH~1\llvm\prebuilt\WINDOW~1\bin\CLANG_~1.EXE --target=aarch64-none-linux-android26 --sysroot="C:/Users/NIHARIKA KUJUR/AppData/Local/Android/Sdk/ndk/26.3.11579264/toolchains/llvm/prebuilt/windows-x86_64/sysroot" -DHAVE_FP16_VECTOR_ARITHMETIC  -g -DANDROID -fdata-sections -ffunction-sections -funwind-tables -fstack-protector-strong -no-canonical-prefixes -D_FORTIFY_SOURCE=2 -Wformat -Werror=format-security  -std=c++17  -fPIE -std=c++17 -MD -MT CMakeFiles/cmTC_0b9f9.dir/src.cxx.o -MF CMakeFiles\cmTC_0b9f9.dir\src.cxx.o.d -o CMakeFiles/cmTC_0b9f9.dir/src.cxx.o -c "C:/Users/NIHARIKA KUJUR/AndroidStudioProjects/Invisibleinsight/app/.cxx/Debug/52463c3g/arm64-v8a/CMakeFiles/CMakeTmp/src.cxx"
C:/Users/NIHARIKA KUJUR/AndroidStudioProjects/Invisibleinsight/app/.cxx/Debug/52463c3g/arm64-v8a/CMakeFiles/CMakeTmp/src.cxx:3:24: error: "Feature FP16_VECTOR_ARITHMETIC is not defined"
                    #  error "Feature FP16_VECTOR_ARITHMETIC is not defined"
                       ^
1 error generated.
ninja: build stopped: subcommand failed.


Source file was:

                    #if !defined(__ARM_FEATURE_FP16_VECTOR_ARITHMETIC)
                    #  error "Feature FP16_VECTOR_ARITHMETIC is not defined"
                    #endif
                    int main() { return 0; }
                    
Performing C++ SOURCE FILE Test HAVE_SME failed with the following output:
Change Dir: C:/Users/NIHARIKA KUJUR/AndroidStudioProjects/Invisibleinsight/app/.cxx/Debug/52463c3g/arm64-v8a/CMakeFiles/CMakeTmp

Run Build Command(s):C:/Users/NIHARIKA KUJUR/AppData/Local/Android/Sdk/cmake/3.22.1/bin/ninja.exe cmTC_a398b && [1/2] Building CXX object CMakeFiles/cmTC_a398b.dir/src.cxx.o
FAILED: CMakeFiles/cmTC_a398b.dir/src.cxx.o 
C:\Users\NIHARI~1\AppData\Local\Android\Sdk\ndk\263~1.115\TOOLCH~1\llvm\prebuilt\WINDOW~1\bin\CLANG_~1.EXE --target=aarch64-none-linux-android26 --sysroot="C:/Users/NIHARIKA KUJUR/AppData/Local/Android/Sdk/ndk/26.3.11579264/toolchains/llvm/prebuilt/windows-x86_64/sysroot" -DHAVE_SME  -g -DANDROID -fdata-sections -ffunction-sections -funwind-tables -fstack-protector-strong -no-canonical-prefixes -D_FORTIFY_SOURCE=2 -Wformat -Werror=format-security  -std=c++17  -fPIE -std=c++17 -MD -MT CMakeFiles/cmTC_a398b.dir/src.cxx.o -MF CMakeFiles\cmTC_a398b.dir\src.cxx.o.d -o CMakeFiles/cmTC_a398b.dir/src.cxx.o -c "C:/Users/NIHARIKA KUJUR/AndroidStudioProjects/Invisibleinsight/app/.cxx/Debug/52463c3g/arm64-v8a/CMakeFiles/CMakeTmp/src.cxx"
C:/Users/NIHARIKA KUJUR/AndroidStudioProjects/Invisibleinsight/app/.cxx/Debug/52463c3g/arm64-v8a/CMakeFiles/CMakeTmp/src.cxx:3:24: error: "Feature SME is not defined"
                    #  error "Feature SME is not defined"
                       ^
1 error generated.
ninja: build stopped: subcommand failed.


Source file was:

                    #if !defined(__ARM_FEATURE_SME)
                    #  error "Feature SME is not defined"
                    #endif
                    int main() { return 0; }
                    
